68 INFO: PyInstaller: 6.12.0, contrib hooks: 2025.2
68 INFO: Python: 3.13.1
75 INFO: Platform: macOS-14.6.1-arm64-arm-64bit-Mach-O
75 INFO: Python environment: /Library/Frameworks/Python.framework/Versions/3.13
75 INFO: wrote /Users/emersonotto/Documents/AdventOfCode/Workspace/Web Browser/browser.spec
78 INFO: Module search paths (PYTHONPATH):
['/Library/Frameworks/Python.framework/Versions/3.13/lib/python313.zip',
 '/Library/Frameworks/Python.framework/Versions/3.13/lib/python3.13',
 '/Library/Frameworks/Python.framework/Versions/3.13/lib/python3.13/lib-dynload',
 '/Library/Frameworks/Python.framework/Versions/3.13/lib/python3.13/site-packages',
 '/Library/Frameworks/Python.framework/Versions/3.13/lib/python3.13/site-packages/setuptools/_vendor',
 '/Users/emersonotto/Documents/AdventOfCode/Workspace/Web Browser']
205 INFO: checking Analysis
232 INFO: checking PYZ
233 INFO: EXE target arch: arm64
233 INFO: Code signing identity: None
236 INFO: checking PKG
237 INFO: Bootloader /Library/Frameworks/Python.framework/Versions/3.13/lib/python3.13/site-packages/PyInstaller/bootloader/Darwin-64bit/runw
237 INFO: checking EXE
237 INFO: Building EXE because EXE-00.toc is non existent
237 INFO: Building EXE from EXE-00.toc
237 INFO: Copying bootloader EXE to /Users/emersonotto/Documents/AdventOfCode/Workspace/Web Browser/build/browser/browser
237 INFO: Converting EXE to target arch (arm64)
Traceback (most recent call last):
  File "/Library/Frameworks/Python.framework/Versions/3.13/bin/pyinstaller", line 8, in <module>
    sys.exit(_console_script_run())
             ~~~~~~~~~~~~~~~~~~~^^
  File "/Library/Frameworks/Python.framework/Versions/3.13/lib/python3.13/site-packages/PyInstaller/__main__.py", line 231, in _console_script_run
    run()
    ~~~^^
  File "/Library/Frameworks/Python.framework/Versions/3.13/lib/python3.13/site-packages/PyInstaller/__main__.py", line 215, in run
    run_build(pyi_config, spec_file, **vars(args))
    ~~~~~~~~~^^^^^^^^^^^^^^^^^^^^^^^^^^^^^^^^^^^^^
  File "/Library/Frameworks/Python.framework/Versions/3.13/lib/python3.13/site-packages/PyInstaller/__main__.py", line 70, in run_build
    PyInstaller.building.build_main.main(pyi_config, spec_file, **kwargs)
    ~~~~~~~~~~~~~~~~~~~~~~~~~~~~~~~~~~~~^^^^^^^^^^^^^^^^^^^^^^^^^^^^^^^^^
  File "/Library/Frameworks/Python.framework/Versions/3.13/lib/python3.13/site-packages/PyInstaller/building/build_main.py", line 1270, in main
    build(specfile, distpath, workpath, clean_build)
    ~~~~~^^^^^^^^^^^^^^^^^^^^^^^^^^^^^^^^^^^^^^^^^^^
  File "/Library/Frameworks/Python.framework/Versions/3.13/lib/python3.13/site-packages/PyInstaller/building/build_main.py", line 1208, in build
    exec(code, spec_namespace)
    ~~~~^^^^^^^^^^^^^^^^^^^^^^
  File "/Users/emersonotto/Documents/AdventOfCode/Workspace/Web Browser/browser.spec", line 19, in <module>
    exe = EXE(
        pyz,
    ...<13 lines>...
        entitlements_file=None,
    )
  File "/Library/Frameworks/Python.framework/Versions/3.13/lib/python3.13/site-packages/PyInstaller/building/api.py", line 658, in __init__
    self.__postinit__()
    ~~~~~~~~~~~~~~~~~^^
  File "/Library/Frameworks/Python.framework/Versions/3.13/lib/python3.13/site-packages/PyInstaller/building/datastruct.py", line 184, in __postinit__
    self.assemble()
    ~~~~~~~~~~~~~^^
  File "/Library/Frameworks/Python.framework/Versions/3.13/lib/python3.13/site-packages/PyInstaller/building/api.py", line 786, in assemble
    osxutils.binary_to_target_arch(build_name, self.target_arch, display_name='Bootloader EXE')
    ~~~~~~~~~~~~~~~~~~~~~~~~~~~~~~^^^^^^^^^^^^^^^^^^^^^^^^^^^^^^^^^^^^^^^^^^^^^^^^^^^^^^^^^^^^^
  File "/Library/Frameworks/Python.framework/Versions/3.13/lib/python3.13/site-packages/PyInstaller/utils/osx.py", line 350, in binary_to_target_arch
    convert_binary_to_thin_arch(filename, target_arch)
    ~~~~~~~~~~~~~~~~~~~~~~~~~~~^^^^^^^^^^^^^^^^^^^^^^^
  File "/Library/Frameworks/Python.framework/Versions/3.13/lib/python3.13/site-packages/PyInstaller/utils/osx.py", line 318, in convert_binary_to_thin_arch
    raise SystemError(f"lipo command ({cmd_args}) failed with error code {p.returncode}!\noutput: {p.stdout}")
SystemError: lipo command (['lipo', '-thin', 'arm64', '/Users/emersonotto/Documents/AdventOfCode/Workspace/Web Browser/build/browser/browser', '-output', '/Users/emersonotto/Documents/AdventOfCode/Workspace/Web Browser/build/browser/browser']) failed with error code 1!
output: xcrun: error: unable to load libxcrun (dlopen(/Library/Developer/CommandLineTools/usr/lib/libxcrun.dylib, 0x0005): tried: '/Library/Developer/CommandLineTools/usr/lib/libxcrun.dylib' (mach-o file, but is an incompatible architecture (have 'x86_64', need 'arm64e')), '/System/Volumes/Preboot/Cryptexes/OS/Library/Developer/CommandLineTools/usr/lib/libxcrun.dylib' (no such file), '/Library/Developer/CommandLineTools/usr/lib/libxcrun.dylib' (mach-o file, but is an incompatible architecture (have 'x86_64', need 'arm64e'))).

